<?xml version="1.0" encoding="UTF-8"?>
<testng-results skipped="0" failed="1" total="1" passed="0">
  <reporter-output>
  </reporter-output>
  <suite name="Default suite" duration-ms="31483" started-at="2014-11-03T11:05:22Z" finished-at="2014-11-03T11:05:53Z">
    <groups>
    </groups>
    <test name="Default test" duration-ms="31483" started-at="2014-11-03T11:05:22Z" finished-at="2014-11-03T11:05:53Z">
      <class name="main_package.LapsiTreasureHunt">
        <test-method status="FAIL" signature="Create_Game()[pri:0, instance:main_package.LapsiTreasureHunt@aa2594]" name="Create_Game" duration-ms="31452" started-at="2014-11-03T16:35:22Z" finished-at="2014-11-03T16:35:53Z">
          <exception class="org.openqa.selenium.SessionNotCreatedException">
            <message>
              <![CDATA[Error occurred while starting selendroid-server on the device
io.selendroid.exceptions.SelendroidException: Error occurred while starting selendroid-server on the device
	at io.selendroid.android.impl.AbstractDevice.startSelendroid(AbstractDevice.java:235)
	at io.selendroid.server.model.SelendroidStandaloneDriver.createNewTestSession(SelendroidStandaloneDriver.java:294)
	at io.selendroid.server.handler.CreateSessionHandler.handle(CreateSessionHandler.java:42)
	at io.selendroid.server.SelendroidServlet.handleRequest(SelendroidServlet.java:143)
	at io.selendroid.server.BaseServlet.handleHttpRequest(BaseServlet.java:67)
	at io.selendroid.server.http.ServerHandler.channelRead(ServerHandler.java:50)
	at io.netty.channel.AbstractChannelHandlerContext.invokeChannelRead(AbstractChannelHandlerContext.java:333)
	at io.netty.channel.AbstractChannelHandlerContext.fireChannelRead(AbstractChannelHandlerContext.java:319)
	at io.netty.handler.codec.MessageToMessageDecoder.channelRead(MessageToMessageDecoder.java:103)
	at io.netty.channel.AbstractChannelHandlerContext.invokeChannelRead(AbstractChannelHandlerContext.java:333)
	at io.netty.channel.AbstractChannelHandlerContext.fireChannelRead(AbstractChannelHandlerContext.java:319)
	at io.netty.handler.codec.ByteToMessageDecoder.channelRead(ByteToMessageDecoder.java:163)
	at io.netty.channel.CombinedChannelDuplexHandler.channelRead(CombinedChannelDuplexHandler.java:148)
	at io.netty.channel.AbstractChannelHandlerContext.invokeChannelRead(AbstractChannelHandlerContext.java:333)
	at io.netty.channel.AbstractChannelHandlerContext.fireChannelRead(AbstractChannelHandlerContext.java:319)
	at io.netty.channel.DefaultChannelPipeline.fireChannelRead(DefaultChannelPipeline.java:787)
	at io.netty.channel.nio.AbstractNioByteChannel$NioByteUnsafe.read(AbstractNioByteChannel.java:125)
	at io.netty.channel.nio.NioEventLoop.processSelectedKey(NioEventLoop.java:511)
	at io.netty.channel.nio.NioEventLoop.processSelectedKeysOptimized(NioEventLoop.java:468)
	at io.netty.channel.nio.NioEventLoop.processSelectedKeys(NioEventLoop.java:382)
	at io.netty.channel.nio.NioEventLoop.run(NioEventLoop.java:354)
	at io.netty.util.concurrent.SingleThreadEventExecutor$2.run(SingleThreadEventExecutor.java:116)
	at io.netty.util.concurrent.DefaultThreadFactory$DefaultRunnableDecorator.run(DefaultThreadFactory.java:137)
	at java.lang.Thread.run(Unknown Source)
Caused by: java.lang.Throwable: android.util.AndroidException: INSTRUMENTATION_FAILED: io.selendroid.com.nexii.treasurehunt/io.selendroid.ServerInstrumentation

Details:
INSTRUMENTATION_STATUS: id=ActivityManagerService
INSTRUMENTATION_STATUS: Error=Unable to find instrumentation target package: com.nexii.treasurehunt
INSTRUMENTATION_STATUS_CODE: -1
android.util.AndroidException: INSTRUMENTATION_FAILED: io.selendroid.com.nexii.treasurehunt/io.selendroid.ServerInstrumentation

	... 24 more

Command duration or timeout: 15.67 seconds
Build info: version: 'unknown', revision: 'unknown', time: 'unknown'
System info: host: 'AJAYK', ip: '192.168.1.13', os.name: 'Windows 7', os.arch: 'x86', os.version: '6.1', java.version: '1.7.0_71'
Driver info: io.selendroid.SelendroidDriver]]>
            </message>
            <full-stacktrace>
              <![CDATA[org.openqa.selenium.SessionNotCreatedException: Error occurred while starting selendroid-server on the device
io.selendroid.exceptions.SelendroidException: Error occurred while starting selendroid-server on the device
	at io.selendroid.android.impl.AbstractDevice.startSelendroid(AbstractDevice.java:235)
	at io.selendroid.server.model.SelendroidStandaloneDriver.createNewTestSession(SelendroidStandaloneDriver.java:294)
	at io.selendroid.server.handler.CreateSessionHandler.handle(CreateSessionHandler.java:42)
	at io.selendroid.server.SelendroidServlet.handleRequest(SelendroidServlet.java:143)
	at io.selendroid.server.BaseServlet.handleHttpRequest(BaseServlet.java:67)
	at io.selendroid.server.http.ServerHandler.channelRead(ServerHandler.java:50)
	at io.netty.channel.AbstractChannelHandlerContext.invokeChannelRead(AbstractChannelHandlerContext.java:333)
	at io.netty.channel.AbstractChannelHandlerContext.fireChannelRead(AbstractChannelHandlerContext.java:319)
	at io.netty.handler.codec.MessageToMessageDecoder.channelRead(MessageToMessageDecoder.java:103)
	at io.netty.channel.AbstractChannelHandlerContext.invokeChannelRead(AbstractChannelHandlerContext.java:333)
	at io.netty.channel.AbstractChannelHandlerContext.fireChannelRead(AbstractChannelHandlerContext.java:319)
	at io.netty.handler.codec.ByteToMessageDecoder.channelRead(ByteToMessageDecoder.java:163)
	at io.netty.channel.CombinedChannelDuplexHandler.channelRead(CombinedChannelDuplexHandler.java:148)
	at io.netty.channel.AbstractChannelHandlerContext.invokeChannelRead(AbstractChannelHandlerContext.java:333)
	at io.netty.channel.AbstractChannelHandlerContext.fireChannelRead(AbstractChannelHandlerContext.java:319)
	at io.netty.channel.DefaultChannelPipeline.fireChannelRead(DefaultChannelPipeline.java:787)
	at io.netty.channel.nio.AbstractNioByteChannel$NioByteUnsafe.read(AbstractNioByteChannel.java:125)
	at io.netty.channel.nio.NioEventLoop.processSelectedKey(NioEventLoop.java:511)
	at io.netty.channel.nio.NioEventLoop.processSelectedKeysOptimized(NioEventLoop.java:468)
	at io.netty.channel.nio.NioEventLoop.processSelectedKeys(NioEventLoop.java:382)
	at io.netty.channel.nio.NioEventLoop.run(NioEventLoop.java:354)
	at io.netty.util.concurrent.SingleThreadEventExecutor$2.run(SingleThreadEventExecutor.java:116)
	at io.netty.util.concurrent.DefaultThreadFactory$DefaultRunnableDecorator.run(DefaultThreadFactory.java:137)
	at java.lang.Thread.run(Unknown Source)
Caused by: java.lang.Throwable: android.util.AndroidException: INSTRUMENTATION_FAILED: io.selendroid.com.nexii.treasurehunt/io.selendroid.ServerInstrumentation

Details:
INSTRUMENTATION_STATUS: id=ActivityManagerService
INSTRUMENTATION_STATUS: Error=Unable to find instrumentation target package: com.nexii.treasurehunt
INSTRUMENTATION_STATUS_CODE: -1
android.util.AndroidException: INSTRUMENTATION_FAILED: io.selendroid.com.nexii.treasurehunt/io.selendroid.ServerInstrumentation

	... 24 more

Command duration or timeout: 15.67 seconds
Build info: version: 'unknown', revision: 'unknown', time: 'unknown'
System info: host: 'AJAYK', ip: '192.168.1.13', os.name: 'Windows 7', os.arch: 'x86', os.version: '6.1', java.version: '1.7.0_71'
Driver info: io.selendroid.SelendroidDriver
	at sun.reflect.NativeConstructorAccessorImpl.newInstance0(Native Method)
	at sun.reflect.NativeConstructorAccessorImpl.newInstance(Unknown Source)
	at sun.reflect.DelegatingConstructorAccessorImpl.newInstance(Unknown Source)
	at java.lang.reflect.Constructor.newInstance(Unknown Source)
	at org.openqa.selenium.remote.ErrorHandler.createThrowable(ErrorHandler.java:204)
	at org.openqa.selenium.remote.ErrorHandler.throwIfResponseFailed(ErrorHandler.java:156)
	at org.openqa.selenium.remote.RemoteWebDriver.execute(RemoteWebDriver.java:599)
	at org.openqa.selenium.remote.RemoteWebDriver.startSession(RemoteWebDriver.java:240)
	at org.openqa.selenium.remote.RemoteWebDriver.<init>(RemoteWebDriver.java:126)
	at org.openqa.selenium.remote.RemoteWebDriver.<init>(RemoteWebDriver.java:139)
	at io.selendroid.SelendroidDriver.<init>(SelendroidDriver.java:72)
	at main_package.LapsiTreasureHunt.Create_Game(LapsiTreasureHunt.java:49)
	at sun.reflect.NativeMethodAccessorImpl.invoke0(Native Method)
	at sun.reflect.NativeMethodAccessorImpl.invoke(Unknown Source)
	at sun.reflect.DelegatingMethodAccessorImpl.invoke(Unknown Source)
	at java.lang.reflect.Method.invoke(Unknown Source)
	at org.testng.internal.MethodInvocationHelper.invokeMethod(MethodInvocationHelper.java:84)
	at org.testng.internal.Invoker.invokeMethod(Invoker.java:714)
	at org.testng.internal.Invoker.invokeTestMethod(Invoker.java:901)
	at org.testng.internal.Invoker.invokeTestMethods(Invoker.java:1231)
	at org.testng.internal.TestMethodWorker.invokeTestMethods(TestMethodWorker.java:127)
	at org.testng.internal.TestMethodWorker.run(TestMethodWorker.java:111)
	at org.testng.TestRunner.privateRun(TestRunner.java:767)
	at org.testng.TestRunner.run(TestRunner.java:617)
	at org.testng.SuiteRunner.runTest(SuiteRunner.java:334)
	at org.testng.SuiteRunner.runSequentially(SuiteRunner.java:329)
	at org.testng.SuiteRunner.privateRun(SuiteRunner.java:291)
	at org.testng.SuiteRunner.run(SuiteRunner.java:240)
	at org.testng.SuiteRunnerWorker.runSuite(SuiteRunnerWorker.java:52)
	at org.testng.SuiteRunnerWorker.run(SuiteRunnerWorker.java:86)
	at org.testng.TestNG.runSuitesSequentially(TestNG.java:1224)
	at org.testng.TestNG.runSuitesLocally(TestNG.java:1149)
	at org.testng.TestNG.run(TestNG.java:1057)
	at org.testng.remote.RemoteTestNG.run(RemoteTestNG.java:111)
	at org.testng.remote.RemoteTestNG.initAndRun(RemoteTestNG.java:204)
	at org.testng.remote.RemoteTestNG.main(RemoteTestNG.java:175)
Caused by: io.selendroid.exceptions.SelendroidException: Error occurred while starting selendroid-server on the device
io.selendroid.exceptions.SelendroidException: Error occurred while starting selendroid-server on the device
	at io.selendroid.android.impl.AbstractDevice.startSelendroid(AbstractDevice.java:235)
	at io.selendroid.server.model.SelendroidStandaloneDriver.createNewTestSession(SelendroidStandaloneDriver.java:294)
	at io.selendroid.server.handler.CreateSessionHandler.handle(CreateSessionHandler.java:42)
	at io.selendroid.server.SelendroidServlet.handleRequest(SelendroidServlet.java:143)
	at io.selendroid.server.BaseServlet.handleHttpRequest(BaseServlet.java:67)
	at io.selendroid.server.http.ServerHandler.channelRead(ServerHandler.java:50)
	at io.netty.channel.AbstractChannelHandlerContext.invokeChannelRead(AbstractChannelHandlerContext.java:333)
	at io.netty.channel.AbstractChannelHandlerContext.fireChannelRead(AbstractChannelHandlerContext.java:319)
	at io.netty.handler.codec.MessageToMessageDecoder.channelRead(MessageToMessageDecoder.java:103)
	at io.netty.channel.AbstractChannelHandlerContext.invokeChannelRead(AbstractChannelHandlerContext.java:333)
	at io.netty.channel.AbstractChannelHandlerContext.fireChannelRead(AbstractChannelHandlerContext.java:319)
	at io.netty.handler.codec.ByteToMessageDecoder.channelRead(ByteToMessageDecoder.java:163)
	at io.netty.channel.CombinedChannelDuplexHandler.channelRead(CombinedChannelDuplexHandler.java:148)
	at io.netty.channel.AbstractChannelHandlerContext.invokeChannelRead(AbstractChannelHandlerContext.java:333)
	at io.netty.channel.AbstractChannelHandlerContext.fireChannelRead(AbstractChannelHandlerContext.java:319)
	at io.netty.channel.DefaultChannelPipeline.fireChannelRead(DefaultChannelPipeline.java:787)
	at io.netty.channel.nio.AbstractNioByteChannel$NioByteUnsafe.read(AbstractNioByteChannel.java:125)
	at io.netty.channel.nio.NioEventLoop.processSelectedKey(NioEventLoop.java:511)
	at io.netty.channel.nio.NioEventLoop.processSelectedKeysOptimized(NioEventLoop.java:468)
	at io.netty.channel.nio.NioEventLoop.processSelectedKeys(NioEventLoop.java:382)
	at io.netty.channel.nio.NioEventLoop.run(NioEventLoop.java:354)
	at io.netty.util.concurrent.SingleThreadEventExecutor$2.run(SingleThreadEventExecutor.java:116)
	at io.netty.util.concurrent.DefaultThreadFactory$DefaultRunnableDecorator.run(DefaultThreadFactory.java:137)
	at java.lang.Thread.run(Unknown Source)
Caused by: java.lang.Throwable: android.util.AndroidException: INSTRUMENTATION_FAILED: io.selendroid.com.nexii.treasurehunt/io.selendroid.ServerInstrumentation

Details:
INSTRUMENTATION_STATUS: id=ActivityManagerService
INSTRUMENTATION_STATUS: Error=Unable to find instrumentation target package: com.nexii.treasurehunt
INSTRUMENTATION_STATUS_CODE: -1
android.util.AndroidException: INSTRUMENTATION_FAILED: io.selendroid.com.nexii.treasurehunt/io.selendroid.ServerInstrumentation

	... 24 more

]]>
            </full-stacktrace>
          </exception> <!-- org.openqa.selenium.SessionNotCreatedException -->
          <reporter-output>
          </reporter-output>
        </test-method> <!-- Create_Game -->
      </class> <!-- main_package.LapsiTreasureHunt -->
    </test> <!-- Default test -->
  </suite> <!-- Default suite -->
</testng-results>
